
{"level":"error","message":"error"}
{"level":"error","message":"error"}
{"level":"error","message":"error"}
{"level":"error","message":"error"}
{"level":"error","message":"error"}
{"level":"error","message":"error"}
{"level":"error","message":"error"}
{"level":"error","message":"error"}
{"level":"error","message":"error"}
{"level":"error","message":"error"}
{"level":"error","message":"error"}
{"level":"error","message":"error"}
{"level":"error","message":"error"}
{"level":"error","message":"error"}
{"level":"error","message":"error"}
{"level":"error","message":"error"}
{"level":"error","message":"error"}
{"level":"error","message":"error"}
{"level":"error","message":"error"}
{"level":"error","message":"error"}
{"level":"error","message":"error"}
{"level":"error","message":"error"}
{"level":"error","message":"error"}
{"level":"error","message":"error"}
{"level":"error","message":{}}
{"level":"error","message":{}}
{"level":"error","message":{}}
{"level":"error","message":{}}
{"level":"error","message":{}}
{"level":"error","message":{}}
{"level":"error","message":{}}
{"level":"error","message":{}}
{"level":"error","message":{}}
{"level":"error","message":{}}
{"level":"error","message":{}}
{"level":"error","message":{}}
{"level":"error","message":{}}
{"level":"error","message":{}}
{"level":"error","message":{}}
{"level":"error","message":{}}
{"level":"error","message":{}}
{"level":"error","message":{}}
{"level":"error","message":{}}
{"level":"error","message":{}}
{"level":"error","message":{}}
{"level":"error","message":{}}
{"level":"error","message":{}}
{"level":"error","message":{}}
{"level":"error","message":""}
{"level":"error","message":""}
{"level":"error","message":""}
{"level":"error","message":""}
{"level":"error","message":""}
{"level":"error","message":""}
{"level":"error","message":""}
{"level":"error","message":""}
{"level":"error","message":""}
{"level":"error","message":""}
{"level":"error","message":""}
{"level":"error","message":""}
{"level":"error","message":""}
{"level":"error","message":""}
{"level":"error","message":""}
{"level":"error","message":""}
{"level":"error","message":""}
{"level":"error","message":""}
{"level":"error","message":""}
{"level":"error","message":""}
{"level":"error","message":""}
{"level":"error","message":""}
{"level":"error","message":""}
{"level":"error","message":""}
{"level":"error","message":"error "}
{"level":"error","message":"error "}
{"level":"error","message":"error "}
{"level":"error","message":"error "}
{"level":"error","message":"error "}
{"level":"error","message":"error "}
{"level":"error","message":"error "}
{"level":"error","message":"error "}
{"level":"error","message":"error "}
{"level":"error","message":"error "}
{"level":"error","message":"error "}
{"level":"error","message":"error "}
{"level":"error","message":"error "}
{"level":"error","message":"error "}
{"level":"error","message":"error "}
{"level":"error","message":"error "}
{"level":"error","message":"error "}
{"level":"error","message":"error "}
{"level":"error","message":"error "}
{"level":"error","message":"error "}
{"level":"error","message":"error "}
{"level":"error","message":"error "}
{"level":"error","message":"error "}
{"level":"error","message":"error "}
{"level":"error","message":"error Tue Dec 09 2025 10:57:03 GMT-0300 (Argentina Standard Time)"}
{"level":"error","message":"error Tue Dec 09 2025 10:57:04 GMT-0300 (Argentina Standard Time)"}
{"level":"error","message":"error Tue Dec 09 2025 10:57:04 GMT-0300 (Argentina Standard Time)"}
{"level":"error","message":"error Tue Dec 09 2025 10:57:04 GMT-0300 (Argentina Standard Time)"}
{"level":"error","message":"error Tue Dec 09 2025 10:57:04 GMT-0300 (Argentina Standard Time)"}
{"level":"error","message":"error Tue Dec 09 2025 10:57:04 GMT-0300 (Argentina Standard Time)"}
{"level":"error","message":"error Tue Dec 09 2025 10:57:04 GMT-0300 (Argentina Standard Time)"}
{"level":"error","message":"error Tue Dec 09 2025 10:57:04 GMT-0300 (Argentina Standard Time)"}
{"level":"error","message":"error Tue Dec 09 2025 10:57:04 GMT-0300 (Argentina Standard Time)"}
{"level":"error","message":"error Tue Dec 09 2025 10:57:04 GMT-0300 (Argentina Standard Time)"}
{"level":"error","message":"error Tue Dec 09 2025 10:57:04 GMT-0300 (Argentina Standard Time)"}
{"level":"error","message":"error Tue Dec 09 2025 10:57:04 GMT-0300 (Argentina Standard Time)"}
{"level":"error","message":"error Tue Dec 09 2025 10:57:05 GMT-0300 (Argentina Standard Time)"}
{"level":"error","message":"error Tue Dec 09 2025 10:57:06 GMT-0300 (Argentina Standard Time)"}
{"level":"error","message":"error Tue Dec 09 2025 10:57:06 GMT-0300 (Argentina Standard Time)"}
{"level":"error","message":"error Tue Dec 09 2025 10:57:06 GMT-0300 (Argentina Standard Time)"}
{"level":"error","message":"error Tue Dec 09 2025 10:57:06 GMT-0300 (Argentina Standard Time)"}
{"level":"error","message":"error Tue Dec 09 2025 10:57:06 GMT-0300 (Argentina Standard Time)"}
{"level":"error","message":"error Tue Dec 09 2025 10:57:06 GMT-0300 (Argentina Standard Time)"}
{"level":"error","message":"error Tue Dec 09 2025 10:57:06 GMT-0300 (Argentina Standard Time)"}
{"level":"error","message":"error Tue Dec 09 2025 10:57:06 GMT-0300 (Argentina Standard Time)"}
{"level":"error","message":"error Tue Dec 09 2025 10:57:06 GMT-0300 (Argentina Standard Time)"}
{"level":"error","message":"error Tue Dec 09 2025 10:57:06 GMT-0300 (Argentina Standard Time)"}
{"level":"error","message":"error Tue Dec 09 2025 10:57:06 GMT-0300 (Argentina Standard Time)"}
{"level":"error","message":"error Tue Dec 09 2025 10:57:45 GMT-0300 (Argentina Standard Time)"}
{"level":"error","message":"error Tue Dec 09 2025 10:57:45 GMT-0300 (Argentina Standard Time)"}
{"level":"error","message":"error Tue Dec 09 2025 10:57:45 GMT-0300 (Argentina Standard Time)"}
{"level":"error","message":"error Tue Dec 09 2025 10:57:45 GMT-0300 (Argentina Standard Time)"}
{"level":"error","message":"error Tue Dec 09 2025 10:57:45 GMT-0300 (Argentina Standard Time)"}
{"level":"error","message":"error Tue Dec 09 2025 10:57:45 GMT-0300 (Argentina Standard Time)"}
{"level":"error","message":"error Tue Dec 09 2025 10:57:45 GMT-0300 (Argentina Standard Time)"}
{"level":"error","message":"error Tue Dec 09 2025 10:57:45 GMT-0300 (Argentina Standard Time)"}
{"level":"error","message":"error Tue Dec 09 2025 10:57:45 GMT-0300 (Argentina Standard Time)"}
{"level":"error","message":"error Tue Dec 09 2025 10:57:45 GMT-0300 (Argentina Standard Time)"}
{"level":"error","message":"error Tue Dec 09 2025 10:57:45 GMT-0300 (Argentina Standard Time)"}
{"level":"error","message":"error Tue Dec 09 2025 10:57:45 GMT-0300 (Argentina Standard Time)"}
{"level":"error","message":"error Tue Dec 09 2025 10:58:24 GMT-0300 (Argentina Standard Time)"}
{"level":"error","message":"error Tue Dec 09 2025 10:58:25 GMT-0300 (Argentina Standard Time)"}
{"level":"error","message":"error Tue Dec 09 2025 10:58:25 GMT-0300 (Argentina Standard Time)"}
{"level":"error","message":"error Tue Dec 09 2025 10:58:25 GMT-0300 (Argentina Standard Time)"}
{"level":"error","message":"error Tue Dec 09 2025 10:58:25 GMT-0300 (Argentina Standard Time)"}
{"level":"error","message":"error Tue Dec 09 2025 10:58:25 GMT-0300 (Argentina Standard Time)"}
{"level":"error","message":"error Tue Dec 09 2025 10:58:25 GMT-0300 (Argentina Standard Time)"}
{"level":"error","message":"error Tue Dec 09 2025 10:58:25 GMT-0300 (Argentina Standard Time)"}
{"level":"error","message":"error Tue Dec 09 2025 10:58:25 GMT-0300 (Argentina Standard Time)"}
{"level":"error","message":"error Tue Dec 09 2025 10:58:25 GMT-0300 (Argentina Standard Time)"}
{"level":"error","message":"error Tue Dec 09 2025 10:58:25 GMT-0300 (Argentina Standard Time)"}
{"level":"error","message":"error Tue Dec 09 2025 10:58:25 GMT-0300 (Argentina Standard Time)"}
{"level":"error","message":"error Tue Dec 09 2025 10:58:36 GMT-0300 (Argentina Standard Time)"}
{"level":"error","message":"error Tue Dec 09 2025 10:58:36 GMT-0300 (Argentina Standard Time)"}
{"level":"error","message":"error Tue Dec 09 2025 10:58:36 GMT-0300 (Argentina Standard Time)"}
{"level":"error","message":"error Tue Dec 09 2025 10:58:36 GMT-0300 (Argentina Standard Time)"}
{"level":"error","message":"error Tue Dec 09 2025 10:58:36 GMT-0300 (Argentina Standard Time)"}
{"level":"error","message":"error Tue Dec 09 2025 10:58:36 GMT-0300 (Argentina Standard Time)"}
{"level":"error","message":"error Tue Dec 09 2025 10:58:36 GMT-0300 (Argentina Standard Time)"}
{"level":"error","message":"error Tue Dec 09 2025 10:58:36 GMT-0300 (Argentina Standard Time)"}
{"level":"error","message":"error Tue Dec 09 2025 10:58:36 GMT-0300 (Argentina Standard Time)"}
{"level":"error","message":"error Tue Dec 09 2025 10:58:36 GMT-0300 (Argentina Standard Time)"}
{"level":"error","message":"error Tue Dec 09 2025 10:58:36 GMT-0300 (Argentina Standard Time)"}
{"level":"error","message":"error Tue Dec 09 2025 10:58:36 GMT-0300 (Argentina Standard Time)"}
{"level":"error","message":"error Tue Dec 09 2025 10:58:44 GMT-0300 (Argentina Standard Time)"}
{"level":"error","message":"error Tue Dec 09 2025 10:58:44 GMT-0300 (Argentina Standard Time)"}
{"level":"error","message":"error Tue Dec 09 2025 10:58:44 GMT-0300 (Argentina Standard Time)"}
{"level":"error","message":"error Tue Dec 09 2025 10:58:44 GMT-0300 (Argentina Standard Time)"}
{"level":"error","message":"error Tue Dec 09 2025 10:58:44 GMT-0300 (Argentina Standard Time)"}
{"level":"error","message":"error Tue Dec 09 2025 10:58:44 GMT-0300 (Argentina Standard Time)"}
{"level":"error","message":"error Tue Dec 09 2025 10:58:44 GMT-0300 (Argentina Standard Time)"}
{"level":"error","message":"error Tue Dec 09 2025 10:58:44 GMT-0300 (Argentina Standard Time)"}
{"level":"error","message":"error Tue Dec 09 2025 10:58:44 GMT-0300 (Argentina Standard Time)"}
{"level":"error","message":"error Tue Dec 09 2025 10:58:45 GMT-0300 (Argentina Standard Time)"}
{"level":"error","message":"error Tue Dec 09 2025 10:58:45 GMT-0300 (Argentina Standard Time)"}
{"level":"error","message":"error Tue Dec 09 2025 10:58:45 GMT-0300 (Argentina Standard Time)"}
{"level":"error","message":"error Tue Dec 09 2025 10:58:49 GMT-0300 (Argentina Standard Time)"}
{"level":"error","message":"error Tue Dec 09 2025 10:58:49 GMT-0300 (Argentina Standard Time)"}
{"level":"error","message":"error Tue Dec 09 2025 10:58:49 GMT-0300 (Argentina Standard Time)"}
{"level":"error","message":"error Tue Dec 09 2025 10:58:49 GMT-0300 (Argentina Standard Time)"}
{"level":"error","message":"error Tue Dec 09 2025 10:58:49 GMT-0300 (Argentina Standard Time)"}
{"level":"error","message":"error Tue Dec 09 2025 10:58:49 GMT-0300 (Argentina Standard Time)"}
{"level":"error","message":"error Tue Dec 09 2025 10:58:49 GMT-0300 (Argentina Standard Time)"}
{"level":"error","message":"error Tue Dec 09 2025 10:58:49 GMT-0300 (Argentina Standard Time)"}
{"level":"error","message":"error Tue Dec 09 2025 10:58:49 GMT-0300 (Argentina Standard Time)"}
{"level":"error","message":"error Tue Dec 09 2025 10:58:49 GMT-0300 (Argentina Standard Time)"}
{"level":"error","message":"error Tue Dec 09 2025 10:58:49 GMT-0300 (Argentina Standard Time)"}
{"level":"error","message":"error Tue Dec 09 2025 10:58:49 GMT-0300 (Argentina Standard Time)"}
{"level":"error","message":"error Tue Dec 09 2025 10:58:50 GMT-0300 (Argentina Standard Time)"}
{"level":"error","message":"error Tue Dec 09 2025 10:58:51 GMT-0300 (Argentina Standard Time)"}
{"level":"error","message":"error Tue Dec 09 2025 10:58:51 GMT-0300 (Argentina Standard Time)"}
{"level":"error","message":"error Tue Dec 09 2025 10:58:51 GMT-0300 (Argentina Standard Time)"}
{"level":"error","message":"error Tue Dec 09 2025 10:58:51 GMT-0300 (Argentina Standard Time)"}
{"level":"error","message":"error Tue Dec 09 2025 10:58:51 GMT-0300 (Argentina Standard Time)"}
{"level":"error","message":"error Tue Dec 09 2025 10:58:51 GMT-0300 (Argentina Standard Time)"}
{"level":"error","message":"error Tue Dec 09 2025 10:58:51 GMT-0300 (Argentina Standard Time)"}
{"level":"error","message":"error Tue Dec 09 2025 10:58:51 GMT-0300 (Argentina Standard Time)"}
{"level":"error","message":"error Tue Dec 09 2025 10:58:51 GMT-0300 (Argentina Standard Time)"}
{"level":"error","message":"error Tue Dec 09 2025 10:58:51 GMT-0300 (Argentina Standard Time)"}
{"level":"error","message":"error Tue Dec 09 2025 10:58:51 GMT-0300 (Argentina Standard Time)"}
{"level":"error","message":"error Tue Dec 09 2025 10:58:55 GMT-0300 (Argentina Standard Time)"}
{"level":"error","message":"error Tue Dec 09 2025 10:58:56 GMT-0300 (Argentina Standard Time)"}
{"level":"error","message":"error Tue Dec 09 2025 10:58:56 GMT-0300 (Argentina Standard Time)"}
{"level":"error","message":"error Tue Dec 09 2025 10:58:56 GMT-0300 (Argentina Standard Time)"}
{"level":"error","message":"error Tue Dec 09 2025 10:58:56 GMT-0300 (Argentina Standard Time)"}
{"level":"error","message":"error Tue Dec 09 2025 10:58:56 GMT-0300 (Argentina Standard Time)"}
{"level":"error","message":"error Tue Dec 09 2025 10:58:56 GMT-0300 (Argentina Standard Time)"}
{"level":"error","message":"error Tue Dec 09 2025 10:58:56 GMT-0300 (Argentina Standard Time)"}
{"level":"error","message":"error Tue Dec 09 2025 10:58:56 GMT-0300 (Argentina Standard Time)"}
{"level":"error","message":"error Tue Dec 09 2025 10:58:56 GMT-0300 (Argentina Standard Time)"}
{"level":"error","message":"error Tue Dec 09 2025 10:58:56 GMT-0300 (Argentina Standard Time)"}
{"level":"error","message":"error Tue Dec 09 2025 10:58:56 GMT-0300 (Argentina Standard Time)"}
{"level":"error","message":"error Tue Dec 09 2025 10:58:57 GMT-0300 (Argentina Standard Time)"}
{"level":"error","message":"error Tue Dec 09 2025 10:58:57 GMT-0300 (Argentina Standard Time)"}
{"level":"error","message":"error Tue Dec 09 2025 10:58:57 GMT-0300 (Argentina Standard Time)"}
{"level":"error","message":"error Tue Dec 09 2025 10:58:57 GMT-0300 (Argentina Standard Time)"}
{"level":"error","message":"error Tue Dec 09 2025 10:58:57 GMT-0300 (Argentina Standard Time)"}
{"level":"error","message":"error Tue Dec 09 2025 10:58:57 GMT-0300 (Argentina Standard Time)"}
{"level":"error","message":"error Tue Dec 09 2025 10:58:57 GMT-0300 (Argentina Standard Time)"}
{"level":"error","message":"error Tue Dec 09 2025 10:58:57 GMT-0300 (Argentina Standard Time)"}
{"level":"error","message":"error Tue Dec 09 2025 10:58:57 GMT-0300 (Argentina Standard Time)"}
{"level":"error","message":"error Tue Dec 09 2025 10:58:57 GMT-0300 (Argentina Standard Time)"}
{"level":"error","message":"error Tue Dec 09 2025 10:58:57 GMT-0300 (Argentina Standard Time)"}
{"level":"error","message":"error Tue Dec 09 2025 10:58:57 GMT-0300 (Argentina Standard Time)"}
{"level":"error","message":"error Tue Dec 09 2025 10:59:09 GMT-0300 (Argentina Standard Time)"}
{"level":"error","message":"error Tue Dec 09 2025 10:59:10 GMT-0300 (Argentina Standard Time)"}
{"level":"error","message":"error Tue Dec 09 2025 10:59:10 GMT-0300 (Argentina Standard Time)"}
{"level":"error","message":"error Tue Dec 09 2025 10:59:10 GMT-0300 (Argentina Standard Time)"}
{"level":"error","message":"error Tue Dec 09 2025 10:59:10 GMT-0300 (Argentina Standard Time)"}
{"level":"error","message":"error Tue Dec 09 2025 10:59:10 GMT-0300 (Argentina Standard Time)"}
{"level":"error","message":"error Tue Dec 09 2025 10:59:10 GMT-0300 (Argentina Standard Time)"}
{"level":"error","message":"error Tue Dec 09 2025 10:59:10 GMT-0300 (Argentina Standard Time)"}
{"level":"error","message":"error Tue Dec 09 2025 10:59:10 GMT-0300 (Argentina Standard Time)"}
{"level":"error","message":"error Tue Dec 09 2025 10:59:10 GMT-0300 (Argentina Standard Time)"}
{"level":"error","message":"error Tue Dec 09 2025 10:59:10 GMT-0300 (Argentina Standard Time)"}
{"level":"error","message":"error Tue Dec 09 2025 10:59:10 GMT-0300 (Argentina Standard Time)"}
{"level":"error","message":"error Tue Dec 09 2025 10:59:16 GMT-0300 (Argentina Standard Time)"}
{"level":"error","message":"error Tue Dec 09 2025 10:59:17 GMT-0300 (Argentina Standard Time)"}
{"level":"error","message":"error Tue Dec 09 2025 10:59:17 GMT-0300 (Argentina Standard Time)"}
{"level":"error","message":"error Tue Dec 09 2025 10:59:17 GMT-0300 (Argentina Standard Time)"}
{"level":"error","message":"error Tue Dec 09 2025 10:59:17 GMT-0300 (Argentina Standard Time)"}
{"level":"error","message":"error Tue Dec 09 2025 10:59:17 GMT-0300 (Argentina Standard Time)"}
{"level":"error","message":"error Tue Dec 09 2025 10:59:17 GMT-0300 (Argentina Standard Time)"}
{"level":"error","message":"error Tue Dec 09 2025 10:59:17 GMT-0300 (Argentina Standard Time)"}
{"level":"error","message":"error Tue Dec 09 2025 10:59:17 GMT-0300 (Argentina Standard Time)"}
{"level":"error","message":"error Tue Dec 09 2025 10:59:17 GMT-0300 (Argentina Standard Time)"}
{"level":"error","message":"error Tue Dec 09 2025 10:59:17 GMT-0300 (Argentina Standard Time)"}
{"level":"error","message":"error Tue Dec 09 2025 10:59:17 GMT-0300 (Argentina Standard Time)"}
{"level":"error","message":"error Tue Dec 09 2025 10:59:24 GMT-0300 (Argentina Standard Time)"}
{"level":"error","message":"error Tue Dec 09 2025 10:59:24 GMT-0300 (Argentina Standard Time)"}
{"level":"error","message":"error Tue Dec 09 2025 10:59:24 GMT-0300 (Argentina Standard Time)"}
{"level":"error","message":"error Tue Dec 09 2025 10:59:24 GMT-0300 (Argentina Standard Time)"}
{"level":"error","message":"error Tue Dec 09 2025 10:59:24 GMT-0300 (Argentina Standard Time)"}
{"level":"error","message":"error Tue Dec 09 2025 10:59:24 GMT-0300 (Argentina Standard Time)"}
{"level":"error","message":"error Tue Dec 09 2025 10:59:24 GMT-0300 (Argentina Standard Time)"}
{"level":"error","message":"error Tue Dec 09 2025 10:59:24 GMT-0300 (Argentina Standard Time)"}
{"level":"error","message":"error Tue Dec 09 2025 10:59:24 GMT-0300 (Argentina Standard Time)"}
{"level":"error","message":"error Tue Dec 09 2025 10:59:24 GMT-0300 (Argentina Standard Time)"}
{"level":"error","message":"error Tue Dec 09 2025 10:59:24 GMT-0300 (Argentina Standard Time)"}
{"level":"error","message":"error Tue Dec 09 2025 10:59:24 GMT-0300 (Argentina Standard Time)"}
{"level":"error","message":"error Tue Dec 09 2025 10:59:28 GMT-0300 (Argentina Standard Time)"}
{"level":"error","message":"error Tue Dec 09 2025 10:59:28 GMT-0300 (Argentina Standard Time)"}
{"level":"error","message":"error Tue Dec 09 2025 10:59:28 GMT-0300 (Argentina Standard Time)"}
{"level":"error","message":"error Tue Dec 09 2025 10:59:28 GMT-0300 (Argentina Standard Time)"}
{"level":"error","message":"error Tue Dec 09 2025 10:59:28 GMT-0300 (Argentina Standard Time)"}
{"level":"error","message":"error Tue Dec 09 2025 10:59:28 GMT-0300 (Argentina Standard Time)"}
{"level":"error","message":"error Tue Dec 09 2025 10:59:28 GMT-0300 (Argentina Standard Time)"}
{"level":"error","message":"error Tue Dec 09 2025 10:59:28 GMT-0300 (Argentina Standard Time)"}
{"level":"error","message":"error Tue Dec 09 2025 10:59:28 GMT-0300 (Argentina Standard Time)"}
{"level":"error","message":"error Tue Dec 09 2025 10:59:28 GMT-0300 (Argentina Standard Time)"}
{"level":"error","message":"error Tue Dec 09 2025 10:59:28 GMT-0300 (Argentina Standard Time)"}
{"level":"error","message":"error Tue Dec 09 2025 10:59:28 GMT-0300 (Argentina Standard Time)"}
{"level":"error","message":"error Tue Dec 09 2025 10:59:30 GMT-0300 (Argentina Standard Time)"}
{"level":"error","message":"error Tue Dec 09 2025 10:59:30 GMT-0300 (Argentina Standard Time)"}
{"level":"error","message":"error Tue Dec 09 2025 10:59:30 GMT-0300 (Argentina Standard Time)"}
{"level":"error","message":"error Tue Dec 09 2025 10:59:30 GMT-0300 (Argentina Standard Time)"}
{"level":"error","message":"error Tue Dec 09 2025 10:59:30 GMT-0300 (Argentina Standard Time)"}
{"level":"error","message":"error Tue Dec 09 2025 10:59:30 GMT-0300 (Argentina Standard Time)"}
{"level":"error","message":"error Tue Dec 09 2025 10:59:30 GMT-0300 (Argentina Standard Time)"}
{"level":"error","message":"error Tue Dec 09 2025 10:59:30 GMT-0300 (Argentina Standard Time)"}
{"level":"error","message":"error Tue Dec 09 2025 10:59:30 GMT-0300 (Argentina Standard Time)"}
{"level":"error","message":"error Tue Dec 09 2025 10:59:30 GMT-0300 (Argentina Standard Time)"}
{"level":"error","message":"error Tue Dec 09 2025 10:59:30 GMT-0300 (Argentina Standard Time)"}
{"level":"error","message":"error Tue Dec 09 2025 10:59:30 GMT-0300 (Argentina Standard Time)"}
{"level":"error","message":"error Tue Dec 09 2025 10:59:32 GMT-0300 (Argentina Standard Time)"}
{"level":"error","message":"error Tue Dec 09 2025 10:59:32 GMT-0300 (Argentina Standard Time)"}
{"level":"error","message":"error Tue Dec 09 2025 10:59:32 GMT-0300 (Argentina Standard Time)"}
{"level":"error","message":"error Tue Dec 09 2025 10:59:32 GMT-0300 (Argentina Standard Time)"}
{"level":"error","message":"error Tue Dec 09 2025 10:59:32 GMT-0300 (Argentina Standard Time)"}
{"level":"error","message":"error Tue Dec 09 2025 10:59:32 GMT-0300 (Argentina Standard Time)"}
{"level":"error","message":"error Tue Dec 09 2025 10:59:32 GMT-0300 (Argentina Standard Time)"}
{"level":"error","message":"error Tue Dec 09 2025 10:59:32 GMT-0300 (Argentina Standard Time)"}
{"level":"error","message":"error Tue Dec 09 2025 10:59:32 GMT-0300 (Argentina Standard Time)"}
{"level":"error","message":"error Tue Dec 09 2025 10:59:32 GMT-0300 (Argentina Standard Time)"}
{"level":"error","message":"error Tue Dec 09 2025 10:59:32 GMT-0300 (Argentina Standard Time)"}
{"level":"error","message":"error Tue Dec 09 2025 10:59:32 GMT-0300 (Argentina Standard Time)"}
{"level":"error","message":"error Tue Dec 09 2025 10:59:35 GMT-0300 (Argentina Standard Time)"}
{"level":"error","message":"error Tue Dec 09 2025 10:59:36 GMT-0300 (Argentina Standard Time)"}
{"level":"error","message":"error Tue Dec 09 2025 10:59:36 GMT-0300 (Argentina Standard Time)"}
{"level":"error","message":"error Tue Dec 09 2025 10:59:36 GMT-0300 (Argentina Standard Time)"}
{"level":"error","message":"error Tue Dec 09 2025 10:59:36 GMT-0300 (Argentina Standard Time)"}
{"level":"error","message":"error Tue Dec 09 2025 10:59:36 GMT-0300 (Argentina Standard Time)"}
{"level":"error","message":"error Tue Dec 09 2025 10:59:36 GMT-0300 (Argentina Standard Time)"}
{"level":"error","message":"error Tue Dec 09 2025 10:59:36 GMT-0300 (Argentina Standard Time)"}
{"level":"error","message":"error Tue Dec 09 2025 10:59:36 GMT-0300 (Argentina Standard Time)"}
{"level":"error","message":"error Tue Dec 09 2025 10:59:36 GMT-0300 (Argentina Standard Time)"}
{"level":"error","message":"error Tue Dec 09 2025 10:59:36 GMT-0300 (Argentina Standard Time)"}
{"level":"error","message":"error Tue Dec 09 2025 10:59:36 GMT-0300 (Argentina Standard Time)"}
{"level":"error","message":"error Tue Dec 09 2025 10:59:38 GMT-0300 (Argentina Standard Time)"}
{"level":"error","message":"error Tue Dec 09 2025 10:59:39 GMT-0300 (Argentina Standard Time)"}
{"level":"error","message":"error Tue Dec 09 2025 10:59:39 GMT-0300 (Argentina Standard Time)"}
{"level":"error","message":"error Tue Dec 09 2025 10:59:39 GMT-0300 (Argentina Standard Time)"}
{"level":"error","message":"error Tue Dec 09 2025 10:59:39 GMT-0300 (Argentina Standard Time)"}
{"level":"error","message":"error Tue Dec 09 2025 10:59:39 GMT-0300 (Argentina Standard Time)"}
{"level":"error","message":"error Tue Dec 09 2025 10:59:39 GMT-0300 (Argentina Standard Time)"}
{"level":"error","message":"error Tue Dec 09 2025 10:59:39 GMT-0300 (Argentina Standard Time)"}
{"level":"error","message":"error Tue Dec 09 2025 10:59:39 GMT-0300 (Argentina Standard Time)"}
{"level":"error","message":"error Tue Dec 09 2025 10:59:39 GMT-0300 (Argentina Standard Time)"}
{"level":"error","message":"error Tue Dec 09 2025 10:59:39 GMT-0300 (Argentina Standard Time)"}
{"level":"error","message":"error Tue Dec 09 2025 10:59:39 GMT-0300 (Argentina Standard Time)"}
{"level":"error","message":"error Tue Dec 09 2025 10:59:40 GMT-0300 (Argentina Standard Time)"}
{"level":"error","message":"error Tue Dec 09 2025 10:59:40 GMT-0300 (Argentina Standard Time)"}
{"level":"error","message":"error Tue Dec 09 2025 10:59:40 GMT-0300 (Argentina Standard Time)"}
{"level":"error","message":"error Tue Dec 09 2025 10:59:41 GMT-0300 (Argentina Standard Time)"}
{"level":"error","message":"error Tue Dec 09 2025 10:59:41 GMT-0300 (Argentina Standard Time)"}
{"level":"error","message":"error Tue Dec 09 2025 10:59:41 GMT-0300 (Argentina Standard Time)"}
{"level":"error","message":"error Tue Dec 09 2025 10:59:41 GMT-0300 (Argentina Standard Time)"}
{"level":"error","message":"error Tue Dec 09 2025 10:59:41 GMT-0300 (Argentina Standard Time)"}
{"level":"error","message":"error Tue Dec 09 2025 10:59:41 GMT-0300 (Argentina Standard Time)"}
{"level":"error","message":"error Tue Dec 09 2025 10:59:41 GMT-0300 (Argentina Standard Time)"}
{"level":"error","message":"error Tue Dec 09 2025 10:59:41 GMT-0300 (Argentina Standard Time)"}
{"level":"error","message":"error Tue Dec 09 2025 10:59:41 GMT-0300 (Argentina Standard Time)"}
{"level":"error","message":"error Tue Dec 09 2025 10:59:46 GMT-0300 (Argentina Standard Time)"}
{"level":"error","message":"error Tue Dec 09 2025 10:59:46 GMT-0300 (Argentina Standard Time)"}
{"level":"error","message":"error Tue Dec 09 2025 10:59:46 GMT-0300 (Argentina Standard Time)"}
{"level":"error","message":"error Tue Dec 09 2025 10:59:47 GMT-0300 (Argentina Standard Time)"}
{"level":"error","message":"error Tue Dec 09 2025 10:59:47 GMT-0300 (Argentina Standard Time)"}
{"level":"error","message":"error Tue Dec 09 2025 10:59:47 GMT-0300 (Argentina Standard Time)"}
{"level":"error","message":"error Tue Dec 09 2025 10:59:47 GMT-0300 (Argentina Standard Time)"}
{"level":"error","message":"error Tue Dec 09 2025 10:59:47 GMT-0300 (Argentina Standard Time)"}
{"level":"error","message":"error Tue Dec 09 2025 10:59:47 GMT-0300 (Argentina Standard Time)"}
{"level":"error","message":"error Tue Dec 09 2025 10:59:47 GMT-0300 (Argentina Standard Time)"}
{"level":"error","message":"error Tue Dec 09 2025 10:59:47 GMT-0300 (Argentina Standard Time)"}
{"level":"error","message":"error Tue Dec 09 2025 10:59:47 GMT-0300 (Argentina Standard Time)"}
{"level":"error","message":"error Tue Dec 09 2025 10:59:49 GMT-0300 (Argentina Standard Time)"}
{"level":"error","message":"error Tue Dec 09 2025 10:59:50 GMT-0300 (Argentina Standard Time)"}
{"level":"error","message":"error Tue Dec 09 2025 10:59:50 GMT-0300 (Argentina Standard Time)"}
{"level":"error","message":"error Tue Dec 09 2025 10:59:50 GMT-0300 (Argentina Standard Time)"}
{"level":"error","message":"error Tue Dec 09 2025 10:59:50 GMT-0300 (Argentina Standard Time)"}
{"level":"error","message":"error Tue Dec 09 2025 10:59:50 GMT-0300 (Argentina Standard Time)"}
{"level":"error","message":"error Tue Dec 09 2025 10:59:50 GMT-0300 (Argentina Standard Time)"}
{"level":"error","message":"error Tue Dec 09 2025 10:59:50 GMT-0300 (Argentina Standard Time)"}
{"level":"error","message":"error Tue Dec 09 2025 10:59:50 GMT-0300 (Argentina Standard Time)"}
{"level":"error","message":"error Tue Dec 09 2025 10:59:50 GMT-0300 (Argentina Standard Time)"}
{"level":"error","message":"error Tue Dec 09 2025 10:59:50 GMT-0300 (Argentina Standard Time)"}
{"level":"error","message":"error Tue Dec 09 2025 10:59:50 GMT-0300 (Argentina Standard Time)"}
{"level":"error","message":"error Tue Dec 09 2025 10:59:51 GMT-0300 (Argentina Standard Time)"}
{"level":"error","message":"error Tue Dec 09 2025 10:59:51 GMT-0300 (Argentina Standard Time)"}
{"level":"error","message":"error Tue Dec 09 2025 10:59:51 GMT-0300 (Argentina Standard Time)"}
{"level":"error","message":"error Tue Dec 09 2025 10:59:51 GMT-0300 (Argentina Standard Time)"}
{"level":"error","message":"error Tue Dec 09 2025 10:59:51 GMT-0300 (Argentina Standard Time)"}
{"level":"error","message":"error Tue Dec 09 2025 10:59:51 GMT-0300 (Argentina Standard Time)"}
{"level":"error","message":"error Tue Dec 09 2025 10:59:51 GMT-0300 (Argentina Standard Time)"}
{"level":"error","message":"error Tue Dec 09 2025 10:59:51 GMT-0300 (Argentina Standard Time)"}
{"level":"error","message":"error Tue Dec 09 2025 10:59:51 GMT-0300 (Argentina Standard Time)"}
{"level":"error","message":"error Tue Dec 09 2025 10:59:51 GMT-0300 (Argentina Standard Time)"}
{"level":"error","message":"error Tue Dec 09 2025 10:59:51 GMT-0300 (Argentina Standard Time)"}
{"level":"error","message":"error Tue Dec 09 2025 10:59:51 GMT-0300 (Argentina Standard Time)"}
{"level":"error","message":"error Tue Dec 09 2025 10:59:57 GMT-0300 (Argentina Standard Time)"}
{"level":"error","message":"error Tue Dec 09 2025 10:59:57 GMT-0300 (Argentina Standard Time)"}
{"level":"error","message":"error Tue Dec 09 2025 10:59:57 GMT-0300 (Argentina Standard Time)"}
{"level":"error","message":"error Tue Dec 09 2025 10:59:57 GMT-0300 (Argentina Standard Time)"}
{"level":"error","message":"error Tue Dec 09 2025 10:59:57 GMT-0300 (Argentina Standard Time)"}
{"level":"error","message":"error Tue Dec 09 2025 10:59:57 GMT-0300 (Argentina Standard Time)"}
{"level":"error","message":"error Tue Dec 09 2025 10:59:57 GMT-0300 (Argentina Standard Time)"}
{"level":"error","message":"error Tue Dec 09 2025 10:59:57 GMT-0300 (Argentina Standard Time)"}
{"level":"error","message":"error Tue Dec 09 2025 10:59:57 GMT-0300 (Argentina Standard Time)"}
{"level":"error","message":"error Tue Dec 09 2025 10:59:57 GMT-0300 (Argentina Standard Time)"}
{"level":"error","message":"error Tue Dec 09 2025 10:59:57 GMT-0300 (Argentina Standard Time)"}
{"level":"error","message":"error Tue Dec 09 2025 10:59:57 GMT-0300 (Argentina Standard Time)"}
{"level":"error","message":"error Tue Dec 09 2025 10:59:59 GMT-0300 (Argentina Standard Time)"}
{"level":"error","message":"error Tue Dec 09 2025 10:59:59 GMT-0300 (Argentina Standard Time)"}
{"level":"error","message":"error Tue Dec 09 2025 10:59:59 GMT-0300 (Argentina Standard Time)"}
{"level":"error","message":"error Tue Dec 09 2025 10:59:59 GMT-0300 (Argentina Standard Time)"}
{"level":"error","message":"error Tue Dec 09 2025 10:59:59 GMT-0300 (Argentina Standard Time)"}
{"level":"error","message":"error Tue Dec 09 2025 10:59:59 GMT-0300 (Argentina Standard Time)"}
{"level":"error","message":"error Tue Dec 09 2025 10:59:59 GMT-0300 (Argentina Standard Time)"}
{"level":"error","message":"error Tue Dec 09 2025 10:59:59 GMT-0300 (Argentina Standard Time)"}
{"level":"error","message":"error Tue Dec 09 2025 10:59:59 GMT-0300 (Argentina Standard Time)"}
{"level":"error","message":"error Tue Dec 09 2025 10:59:59 GMT-0300 (Argentina Standard Time)"}
{"level":"error","message":"error Tue Dec 09 2025 10:59:59 GMT-0300 (Argentina Standard Time)"}
{"level":"error","message":"error Tue Dec 09 2025 10:59:59 GMT-0300 (Argentina Standard Time)"}
{"level":"error","message":"error Tue Dec 09 2025 11:00:08 GMT-0300 (Argentina Standard Time)"}
{"level":"error","message":"error Tue Dec 09 2025 11:00:08 GMT-0300 (Argentina Standard Time)"}
{"level":"error","message":"error Tue Dec 09 2025 11:00:08 GMT-0300 (Argentina Standard Time)"}
{"level":"error","message":"error Tue Dec 09 2025 11:00:08 GMT-0300 (Argentina Standard Time)"}
{"level":"error","message":"error Tue Dec 09 2025 11:00:08 GMT-0300 (Argentina Standard Time)"}
{"level":"error","message":"error Tue Dec 09 2025 11:00:08 GMT-0300 (Argentina Standard Time)"}
{"level":"error","message":"error Tue Dec 09 2025 11:00:08 GMT-0300 (Argentina Standard Time)"}
{"level":"error","message":"error Tue Dec 09 2025 11:00:08 GMT-0300 (Argentina Standard Time)"}
{"level":"error","message":"error Tue Dec 09 2025 11:00:08 GMT-0300 (Argentina Standard Time)"}
{"level":"error","message":"error Tue Dec 09 2025 11:00:08 GMT-0300 (Argentina Standard Time)"}
{"level":"error","message":"error Tue Dec 09 2025 11:00:08 GMT-0300 (Argentina Standard Time)"}
{"level":"error","message":"error Tue Dec 09 2025 11:00:08 GMT-0300 (Argentina Standard Time)"}
{"level":"error","message":"error Tue Dec 09 2025 11:00:10 GMT-0300 (Argentina Standard Time)"}
{"level":"error","message":"error Tue Dec 09 2025 11:00:10 GMT-0300 (Argentina Standard Time)"}
{"level":"error","message":"error Tue Dec 09 2025 11:00:10 GMT-0300 (Argentina Standard Time)"}
{"level":"error","message":"error Tue Dec 09 2025 11:00:10 GMT-0300 (Argentina Standard Time)"}
{"level":"error","message":"error Tue Dec 09 2025 11:00:10 GMT-0300 (Argentina Standard Time)"}
{"level":"error","message":"error Tue Dec 09 2025 11:00:10 GMT-0300 (Argentina Standard Time)"}
{"level":"error","message":"error Tue Dec 09 2025 11:00:10 GMT-0300 (Argentina Standard Time)"}
{"level":"error","message":"error Tue Dec 09 2025 11:00:10 GMT-0300 (Argentina Standard Time)"}
{"level":"error","message":"error Tue Dec 09 2025 11:00:10 GMT-0300 (Argentina Standard Time)"}
{"level":"error","message":"error Tue Dec 09 2025 11:00:10 GMT-0300 (Argentina Standard Time)"}
{"level":"error","message":"error Tue Dec 09 2025 11:00:10 GMT-0300 (Argentina Standard Time)"}
{"level":"error","message":"error Tue Dec 09 2025 11:00:10 GMT-0300 (Argentina Standard Time)"}
{"level":"error","message":"error Tue Dec 09 2025 11:00:15 GMT-0300 (Argentina Standard Time)"}
{"level":"error","message":"error Tue Dec 09 2025 11:00:15 GMT-0300 (Argentina Standard Time)"}
{"level":"error","message":"error Tue Dec 09 2025 11:00:15 GMT-0300 (Argentina Standard Time)"}
{"level":"error","message":"error Tue Dec 09 2025 11:00:15 GMT-0300 (Argentina Standard Time)"}
{"level":"error","message":"error Tue Dec 09 2025 11:00:15 GMT-0300 (Argentina Standard Time)"}
{"level":"error","message":"error Tue Dec 09 2025 11:00:15 GMT-0300 (Argentina Standard Time)"}
{"level":"error","message":"error Tue Dec 09 2025 11:00:15 GMT-0300 (Argentina Standard Time)"}
{"level":"error","message":"error Tue Dec 09 2025 11:00:15 GMT-0300 (Argentina Standard Time)"}
{"level":"error","message":"error Tue Dec 09 2025 11:00:15 GMT-0300 (Argentina Standard Time)"}
{"level":"error","message":"error Tue Dec 09 2025 11:00:15 GMT-0300 (Argentina Standard Time)"}
{"level":"error","message":"error Tue Dec 09 2025 11:00:15 GMT-0300 (Argentina Standard Time)"}
{"level":"error","message":"error Tue Dec 09 2025 11:00:15 GMT-0300 (Argentina Standard Time)"}
{"level":"error","message":"error Tue Dec 09 2025 11:00:16 GMT-0300 (Argentina Standard Time)"}
{"level":"error","message":"error Tue Dec 09 2025 11:00:17 GMT-0300 (Argentina Standard Time)"}
{"level":"error","message":"error Tue Dec 09 2025 11:00:17 GMT-0300 (Argentina Standard Time)"}
{"level":"error","message":"error Tue Dec 09 2025 11:00:17 GMT-0300 (Argentina Standard Time)"}
{"level":"error","message":"error Tue Dec 09 2025 11:00:17 GMT-0300 (Argentina Standard Time)"}
{"level":"error","message":"error Tue Dec 09 2025 11:00:17 GMT-0300 (Argentina Standard Time)"}
{"level":"error","message":"error Tue Dec 09 2025 11:00:17 GMT-0300 (Argentina Standard Time)"}
{"level":"error","message":"error Tue Dec 09 2025 11:00:17 GMT-0300 (Argentina Standard Time)"}
{"level":"error","message":"error Tue Dec 09 2025 11:00:17 GMT-0300 (Argentina Standard Time)"}
{"level":"error","message":"error Tue Dec 09 2025 11:00:17 GMT-0300 (Argentina Standard Time)"}
{"level":"error","message":"error Tue Dec 09 2025 11:00:17 GMT-0300 (Argentina Standard Time)"}
{"level":"error","message":"error Tue Dec 09 2025 11:00:17 GMT-0300 (Argentina Standard Time)"}
{"level":"error","message":"error Tue Dec 09 2025 11:00:18 GMT-0300 (Argentina Standard Time)"}
{"level":"error","message":"error Tue Dec 09 2025 11:00:18 GMT-0300 (Argentina Standard Time)"}
{"level":"error","message":"error Tue Dec 09 2025 11:00:18 GMT-0300 (Argentina Standard Time)"}
{"level":"error","message":"error Tue Dec 09 2025 11:00:18 GMT-0300 (Argentina Standard Time)"}
{"level":"error","message":"error Tue Dec 09 2025 11:00:18 GMT-0300 (Argentina Standard Time)"}
{"level":"error","message":"error Tue Dec 09 2025 11:00:18 GMT-0300 (Argentina Standard Time)"}
{"level":"error","message":"error Tue Dec 09 2025 11:00:18 GMT-0300 (Argentina Standard Time)"}
{"level":"error","message":"error Tue Dec 09 2025 11:00:18 GMT-0300 (Argentina Standard Time)"}
{"level":"error","message":"error Tue Dec 09 2025 11:00:18 GMT-0300 (Argentina Standard Time)"}
{"level":"error","message":"error Tue Dec 09 2025 11:00:18 GMT-0300 (Argentina Standard Time)"}
{"level":"error","message":"error Tue Dec 09 2025 11:00:18 GMT-0300 (Argentina Standard Time)"}
{"level":"error","message":"error Tue Dec 09 2025 11:00:18 GMT-0300 (Argentina Standard Time)"}
{"level":"error","message":"error Tue Dec 09 2025 11:00:40 GMT-0300 (Argentina Standard Time)"}
{"level":"error","message":"error Tue Dec 09 2025 11:00:41 GMT-0300 (Argentina Standard Time)"}
{"level":"error","message":"error Tue Dec 09 2025 11:00:41 GMT-0300 (Argentina Standard Time)"}
{"level":"error","message":"error Tue Dec 09 2025 11:00:41 GMT-0300 (Argentina Standard Time)"}
{"level":"error","message":"error Tue Dec 09 2025 11:00:41 GMT-0300 (Argentina Standard Time)"}
{"level":"error","message":"error Tue Dec 09 2025 11:00:41 GMT-0300 (Argentina Standard Time)"}
{"level":"error","message":"error Tue Dec 09 2025 11:00:41 GMT-0300 (Argentina Standard Time)"}
{"level":"error","message":"error Tue Dec 09 2025 11:00:41 GMT-0300 (Argentina Standard Time)"}
{"level":"error","message":"error Tue Dec 09 2025 11:00:41 GMT-0300 (Argentina Standard Time)"}
{"level":"error","message":"error Tue Dec 09 2025 11:00:41 GMT-0300 (Argentina Standard Time)"}
{"level":"error","message":"error Tue Dec 09 2025 11:00:41 GMT-0300 (Argentina Standard Time)"}
{"level":"error","message":"error Tue Dec 09 2025 11:00:41 GMT-0300 (Argentina Standard Time)"}
{"level":"error","message":"error Tue Dec 09 2025 11:00:44 GMT-0300 (Argentina Standard Time)"}
{"level":"error","message":"error Tue Dec 09 2025 11:00:44 GMT-0300 (Argentina Standard Time)"}
{"level":"error","message":"error Tue Dec 09 2025 11:00:44 GMT-0300 (Argentina Standard Time)"}
{"level":"error","message":"error Tue Dec 09 2025 11:00:44 GMT-0300 (Argentina Standard Time)"}
{"level":"error","message":"error Tue Dec 09 2025 11:00:44 GMT-0300 (Argentina Standard Time)"}
{"level":"error","message":"error Tue Dec 09 2025 11:00:44 GMT-0300 (Argentina Standard Time)"}
{"level":"error","message":"error Tue Dec 09 2025 11:00:44 GMT-0300 (Argentina Standard Time)"}
{"level":"error","message":"error Tue Dec 09 2025 11:00:44 GMT-0300 (Argentina Standard Time)"}
{"level":"error","message":"error Tue Dec 09 2025 11:00:44 GMT-0300 (Argentina Standard Time)"}
{"level":"error","message":"error Tue Dec 09 2025 11:00:44 GMT-0300 (Argentina Standard Time)"}
{"level":"error","message":"error Tue Dec 09 2025 11:00:44 GMT-0300 (Argentina Standard Time)"}
{"level":"error","message":"error Tue Dec 09 2025 11:00:44 GMT-0300 (Argentina Standard Time)"}
{"level":"error","message":"error Tue Dec 09 2025 11:00:48 GMT-0300 (Argentina Standard Time)"}
{"level":"error","message":"error Tue Dec 09 2025 11:00:48 GMT-0300 (Argentina Standard Time)"}
{"level":"error","message":"error Tue Dec 09 2025 11:00:48 GMT-0300 (Argentina Standard Time)"}
{"level":"error","message":"error Tue Dec 09 2025 11:00:48 GMT-0300 (Argentina Standard Time)"}
{"level":"error","message":"error Tue Dec 09 2025 11:00:48 GMT-0300 (Argentina Standard Time)"}
{"level":"error","message":"error Tue Dec 09 2025 11:00:48 GMT-0300 (Argentina Standard Time)"}
{"level":"error","message":"error Tue Dec 09 2025 11:00:48 GMT-0300 (Argentina Standard Time)"}
{"level":"error","message":"error Tue Dec 09 2025 11:00:48 GMT-0300 (Argentina Standard Time)"}
{"level":"error","message":"error Tue Dec 09 2025 11:00:48 GMT-0300 (Argentina Standard Time)"}
{"level":"error","message":"error Tue Dec 09 2025 11:00:48 GMT-0300 (Argentina Standard Time)"}
{"level":"error","message":"error Tue Dec 09 2025 11:00:48 GMT-0300 (Argentina Standard Time)"}
{"level":"error","message":"error Tue Dec 09 2025 11:00:48 GMT-0300 (Argentina Standard Time)"}
